<?xml version="1.0" encoding="UTF-8"?>
<testsuite name="quantitiymeasurement.QuantityTest" tests="4" skipped="0" failures="0" errors="0" timestamp="2020-11-04T07:36:07" hostname="DESKTOP-25DPEJS" time="0.054">
  <properties/>
  <testcase name="given0Inch1Inch_ShouldReturnEqual" classname="quantitiymeasurement.QuantityTest" time="0.031"/>
  <testcase name="given0Feet0Feet_ShouldReturnEqual" classname="quantitiymeasurement.QuantityTest" time="0.017"/>
  <testcase name="given0Inch0Inch_ShouldReturnEqual" classname="quantitiymeasurement.QuantityTest" time="0.0"/>
  <testcase name="given0Feet1Feet_ShouldReturnNotEqual" classname="quantitiymeasurement.QuantityTest" time="0.001"/>
  <system-out><![CDATA[]]></system-out>
  <system-err><![CDATA[]]></system-err>
</testsuite>
