<?xml version="1.0" encoding="UTF-8"?>
<testsuite name="quantitiymeasurement.QuantityTest" tests="1" skipped="0" failures="0" errors="0" timestamp="2020-10-30T17:33:49" hostname="DESKTOP-25DPEJS" time="0.008">
  <properties/>
  <testcase name="given1LitreAnd1000Millelitre_WhenAdd_ShouldReturn2Litres" classname="quantitiymeasurement.QuantityTest" time="0.008"/>
  <system-out><![CDATA[]]></system-out>
  <system-err><![CDATA[]]></system-err>
</testsuite>
