<?xml version="1.0" encoding="UTF-8"?>
<testsuite name="quantitiymeasurement.QuantityTest" tests="1" skipped="0" failures="0" errors="0" timestamp="2020-10-30T17:25:26" hostname="DESKTOP-25DPEJS" time="0.013">
  <properties/>
  <testcase name="given1LitreAnd1000Millelitre_WhenCompare_ShouldReturnEqual" classname="quantitiymeasurement.QuantityTest" time="0.013"/>
  <system-out><![CDATA[]]></system-out>
  <system-err><![CDATA[]]></system-err>
</testsuite>
