<?xml version="1.0" encoding="UTF-8"?>
<testsuite name="quantitiymeasurement.QuantityTest" tests="5" skipped="0" failures="0" errors="0" timestamp="2020-10-30T09:15:06" hostname="DESKTOP-25DPEJS" time="0.062">
  <properties/>
  <testcase name="given0Inch1Inch_ShouldReturnEqual" classname="quantitiymeasurement.QuantityTest" time="0.056"/>
  <testcase name="given1FeetAnd1Inch_ShouldReturnNotEqual" classname="quantitiymeasurement.QuantityTest" time="0.0"/>
  <testcase name="given0Feet0Feet_ShouldReturnEqual" classname="quantitiymeasurement.QuantityTest" time="0.0"/>
  <testcase name="given0Inch0Inch_ShouldReturnEqual" classname="quantitiymeasurement.QuantityTest" time="0.0"/>
  <testcase name="given0Feet1Feet_ShouldReturnNotEqual" classname="quantitiymeasurement.QuantityTest" time="0.0"/>
  <system-out><![CDATA[]]></system-out>
  <system-err><![CDATA[]]></system-err>
</testsuite>
