<?xml version="1.0" encoding="UTF-8"?>
<testsuite name="quantitiymeasurement.QuantityTest" tests="1" skipped="0" failures="0" errors="0" timestamp="2020-10-30T16:01:19" hostname="DESKTOP-25DPEJS" time="0.008">
  <properties/>
  <testcase name="given2InchAndHalfInch_WhenAdded_ShouldReturn3Inchs" classname="quantitiymeasurement.QuantityTest" time="0.008"/>
  <system-out><![CDATA[]]></system-out>
  <system-err><![CDATA[]]></system-err>
</testsuite>
